<?xml version="1.0" encoding="UTF-8"?>
<!-- Generated by org.testng.reporters.JUnitXMLReporter -->
<testsuite ignored="0" hostname="ManikHP" failures="3" tests="3" name="DP1 Test" time="75.687" errors="0" timestamp="2023-11-20T21:32:44 IST">
  <testcase classname="io.cucumber.testng.AbstractTestNGCucumberTests" name="runScenario" time="74.668">
    <failure type="org.openqa.selenium.TimeoutException" message="Expected condition failed: waiting for com.dp1.pageobjects.DP1HomePage$1@64aa1805 (tried for 60 second(s) with 0 milliseconds interval)
Build info: version: &amp;apos;4.15.0&amp;apos;, revision: &amp;apos;1d14b5521b&amp;apos;
System info: os.name: &amp;apos;Windows 11&amp;apos;, os.arch: &amp;apos;amd64&amp;apos;, os.version: &amp;apos;10.0&amp;apos;, java.version: &amp;apos;17.0.5&amp;apos;
Driver info: driver.version: unknown">
      <![CDATA[org.openqa.selenium.TimeoutException: Expected condition failed: waiting for com.dp1.pageobjects.DP1HomePage$1@64aa1805 (tried for 60 second(s) with 0 milliseconds interval)
Build info: version: '4.15.0', revision: '1d14b5521b'
System info: os.name: 'Windows 11', os.arch: 'amd64', os.version: '10.0', java.version: '17.0.5'
Driver info: driver.version: unknown
at org.openqa.selenium.support.ui.FluentWait.timeoutException(FluentWait.java:261)
at org.openqa.selenium.support.ui.FluentWait.until(FluentWait.java:229)
at com.dp1.pageobjects.DP1HomePage.waitForHrefValueToBe(DP1HomePage.java:56)
at com.dp1.pageobjects.DP1HomePage.validateSlideTitleAndDuration(DP1HomePage.java:47)
at com.dp1.stepdefinitions.DP1HomePageStepDefinitions.slides_containing_title_is_displayed_with_for_duration(DP1HomePageStepDefinitions.java:33)
at ✽.Slides containing title "Sixers Take Down Hawks in Tournament Play" is displayed with "/sixers/videos/philadelphia-76ers-vs-atlanta-hawks-highlights-nov-17-2023"  for duration "10"(file:///C:/Users/hp/eclipse-workspace/veeva-automation-framework-Multi-Module/Derived_Product_1/src/test/java/com/dp1/feature/DP1Test.feature:9)
]]>
    </failure>
  </testcase> <!-- runScenario -->
  <testcase classname="io.cucumber.testng.AbstractTestNGCucumberTests" name="runScenario" time="74.853">
    <failure type="org.openqa.selenium.TimeoutException" message="Expected condition failed: waiting for com.dp1.pageobjects.DP1HomePage$1@7e2ce6b5 (tried for 60 second(s) with 0 milliseconds interval)
Build info: version: &amp;apos;4.15.0&amp;apos;, revision: &amp;apos;1d14b5521b&amp;apos;
System info: os.name: &amp;apos;Windows 11&amp;apos;, os.arch: &amp;apos;amd64&amp;apos;, os.version: &amp;apos;10.0&amp;apos;, java.version: &amp;apos;17.0.5&amp;apos;
Driver info: driver.version: unknown">
      <![CDATA[org.openqa.selenium.TimeoutException: Expected condition failed: waiting for com.dp1.pageobjects.DP1HomePage$1@7e2ce6b5 (tried for 60 second(s) with 0 milliseconds interval)
Build info: version: '4.15.0', revision: '1d14b5521b'
System info: os.name: 'Windows 11', os.arch: 'amd64', os.version: '10.0', java.version: '17.0.5'
Driver info: driver.version: unknown
at org.openqa.selenium.support.ui.FluentWait.timeoutException(FluentWait.java:261)
at org.openqa.selenium.support.ui.FluentWait.until(FluentWait.java:229)
at com.dp1.pageobjects.DP1HomePage.waitForHrefValueToBe(DP1HomePage.java:56)
at com.dp1.pageobjects.DP1HomePage.validateSlideTitleAndDuration(DP1HomePage.java:47)
at com.dp1.stepdefinitions.DP1HomePageStepDefinitions.slides_containing_title_is_displayed_with_for_duration(DP1HomePageStepDefinitions.java:33)
at ✽.Slides containing title "Sixers Defeat Nets on the Road" is displayed with "/sixers/videos/philadelphia-76ers-vs-brooklyn-nets-nov-19-2023"  for duration "10"(file:///C:/Users/hp/eclipse-workspace/veeva-automation-framework-Multi-Module/Derived_Product_1/src/test/java/com/dp1/feature/DP1Test.feature:9)
]]>
    </failure>
  </testcase> <!-- runScenario -->
  <testcase classname="io.cucumber.testng.AbstractTestNGCucumberTests" name="runScenario" time="74.881">
    <failure type="org.openqa.selenium.TimeoutException" message="Expected condition failed: waiting for com.dp1.pageobjects.DP1HomePage$1@180c2054 (tried for 60 second(s) with 0 milliseconds interval)
Build info: version: &amp;apos;4.15.0&amp;apos;, revision: &amp;apos;1d14b5521b&amp;apos;
System info: os.name: &amp;apos;Windows 11&amp;apos;, os.arch: &amp;apos;amd64&amp;apos;, os.version: &amp;apos;10.0&amp;apos;, java.version: &amp;apos;17.0.5&amp;apos;
Driver info: driver.version: unknown">
      <![CDATA[org.openqa.selenium.TimeoutException: Expected condition failed: waiting for com.dp1.pageobjects.DP1HomePage$1@180c2054 (tried for 60 second(s) with 0 milliseconds interval)
Build info: version: '4.15.0', revision: '1d14b5521b'
System info: os.name: 'Windows 11', os.arch: 'amd64', os.version: '10.0', java.version: '17.0.5'
Driver info: driver.version: unknown
at org.openqa.selenium.support.ui.FluentWait.timeoutException(FluentWait.java:261)
at org.openqa.selenium.support.ui.FluentWait.until(FluentWait.java:229)
at com.dp1.pageobjects.DP1HomePage.waitForHrefValueToBe(DP1HomePage.java:56)
at com.dp1.pageobjects.DP1HomePage.validateSlideTitleAndDuration(DP1HomePage.java:47)
at com.dp1.stepdefinitions.DP1HomePageStepDefinitions.slides_containing_title_is_displayed_with_for_duration(DP1HomePageStepDefinitions.java:33)
at ✽.Slides containing title "Embiid Named Player of the Week" is displayed with "/sixers/news/joel-embiid-named-eastern-conference-player-of-the-week"  for duration "10"(file:///C:/Users/hp/eclipse-workspace/veeva-automation-framework-Multi-Module/Derived_Product_1/src/test/java/com/dp1/feature/DP1Test.feature:9)
]]>
    </failure>
  </testcase> <!-- runScenario -->
</testsuite> <!-- DP1 Test -->
