-------------------------------------------------------------------------------
Test set: TestSuite
-------------------------------------------------------------------------------
Tests run: 3, Failures: 3, Errors: 0, Skipped: 0, Time elapsed: 73.71 s <<< FAILURE! -- in TestSuite
com.core.testRunner.TestRunner.runScenario["Validate  Number of Slides displayed and title", "CP1 Home Page Test Cases"](1) -- Time elapsed: 69.74 s <<< FAILURE!
org.openqa.selenium.TimeoutException: 
Expected condition failed: waiting for com.dp1.pageobjects.DP1HomePage$1@547334fe (tried for 60 second(s) with 0 milliseconds interval)
Build info: version: '4.15.0', revision: '1d14b5521b'
System info: os.name: 'Windows 11', os.arch: 'amd64', os.version: '10.0', java.version: '17.0.5'
Driver info: driver.version: unknown
	at org.openqa.selenium.support.ui.FluentWait.timeoutException(FluentWait.java:261)
	at org.openqa.selenium.support.ui.FluentWait.until(FluentWait.java:229)
	at com.dp1.pageobjects.DP1HomePage.waitForHrefValueToBe(DP1HomePage.java:56)
	at com.dp1.pageobjects.DP1HomePage.validateSlideTitleAndDuration(DP1HomePage.java:47)
	at com.dp1.stepdefinitions.DP1HomePageStepDefinitions.slides_containing_title_is_displayed_with_for_duration(DP1HomePageStepDefinitions.java:33)
	at ✽.Slides containing title "Sixers Take Down Hawks in Tournament Play" is displayed with "/sixers/videos/philadelphia-76ers-vs-atlanta-hawks-highlights-nov-17-2023"  for duration "10"(file:///C:/Users/hp/eclipse-workspace/veeva-automation-framework-Multi-Module/Derived_Product_1/src/test/java/com/dp1/feature/DP1Test.feature:9)

com.core.testRunner.TestRunner.runScenario["Validate  Number of Slides displayed and title", "CP1 Home Page Test Cases"](2) -- Time elapsed: 69.89 s <<< FAILURE!
org.openqa.selenium.TimeoutException: 
Expected condition failed: waiting for com.dp1.pageobjects.DP1HomePage$1@6c28a23e (tried for 60 second(s) with 0 milliseconds interval)
Build info: version: '4.15.0', revision: '1d14b5521b'
System info: os.name: 'Windows 11', os.arch: 'amd64', os.version: '10.0', java.version: '17.0.5'
Driver info: driver.version: unknown
	at org.openqa.selenium.support.ui.FluentWait.timeoutException(FluentWait.java:261)
	at org.openqa.selenium.support.ui.FluentWait.until(FluentWait.java:229)
	at com.dp1.pageobjects.DP1HomePage.waitForHrefValueToBe(DP1HomePage.java:56)
	at com.dp1.pageobjects.DP1HomePage.validateSlideTitleAndDuration(DP1HomePage.java:47)
	at com.dp1.stepdefinitions.DP1HomePageStepDefinitions.slides_containing_title_is_displayed_with_for_duration(DP1HomePageStepDefinitions.java:33)
	at ✽.Slides containing title "Sixers Defeat Nets on the Road" is displayed with "/sixers/videos/philadelphia-76ers-vs-brooklyn-nets-nov-19-2023"  for duration "10"(file:///C:/Users/hp/eclipse-workspace/veeva-automation-framework-Multi-Module/Derived_Product_1/src/test/java/com/dp1/feature/DP1Test.feature:9)

com.core.testRunner.TestRunner.runScenario["Validate  Number of Slides displayed and title", "CP1 Home Page Test Cases"](3) -- Time elapsed: 72.34 s <<< FAILURE!
org.openqa.selenium.TimeoutException: 
Expected condition failed: waiting for com.dp1.pageobjects.DP1HomePage$1@3edaf4a2 (tried for 60 second(s) with 0 milliseconds interval)
Build info: version: '4.15.0', revision: '1d14b5521b'
System info: os.name: 'Windows 11', os.arch: 'amd64', os.version: '10.0', java.version: '17.0.5'
Driver info: driver.version: unknown
	at org.openqa.selenium.support.ui.FluentWait.timeoutException(FluentWait.java:261)
	at org.openqa.selenium.support.ui.FluentWait.until(FluentWait.java:229)
	at com.dp1.pageobjects.DP1HomePage.waitForHrefValueToBe(DP1HomePage.java:56)
	at com.dp1.pageobjects.DP1HomePage.validateSlideTitleAndDuration(DP1HomePage.java:47)
	at com.dp1.stepdefinitions.DP1HomePageStepDefinitions.slides_containing_title_is_displayed_with_for_duration(DP1HomePageStepDefinitions.java:33)
	at ✽.Slides containing title "Embiid Named Player of the Week" is displayed with "/sixers/news/joel-embiid-named-eastern-conference-player-of-the-week"  for duration "10"(file:///C:/Users/hp/eclipse-workspace/veeva-automation-framework-Multi-Module/Derived_Product_1/src/test/java/com/dp1/feature/DP1Test.feature:9)

