<?xml version="1.0" encoding="UTF-8"?>
<testng-results ignored="0" total="2" passed="2" failed="0" skipped="0">
  <reporter-output>
  </reporter-output>
  <suite started-at="2023-11-21T01:04:33 IST" name="CPTestSuite" finished-at="2023-11-21T01:05:50 IST" duration-ms="76885">
    <groups>
      <group name="cucumber">
        <method signature="AbstractTestNGCucumberTests.runScenario(io.cucumber.testng.PickleWrapper,io.cucumber.testng.FeatureWrapper)[pri:0, instance:com.core.testRunner.TestRunner@4550bb58]" name="runScenario" class="io.cucumber.testng.AbstractTestNGCucumberTests"/>
      </group> <!-- cucumber -->
    </groups>
    <test started-at="2023-11-21T01:04:33 IST" name="CP Test" finished-at="2023-11-21T01:05:50 IST" duration-ms="76885">
      <class name="com.core.testRunner.TestRunner">
        <test-method is-config="true" signature="readAppConfiguration(java.lang.String)[pri:0, instance:com.core.testRunner.TestRunner@4550bb58]" started-at="2023-11-21T01:04:33 IST" name="readAppConfiguration" finished-at="2023-11-21T01:04:33 IST" duration-ms="87" status="PASS">
          <params>
            <param index="0">
              <value>
                <![CDATA[core-products.conf]]>
              </value>
            </param>
          </params>
          <reporter-output>
          </reporter-output>
        </test-method> <!-- readAppConfiguration -->
        <test-method is-config="true" signature="setUpClass(org.testng.ITestContext)[pri:0, instance:com.core.testRunner.TestRunner@4550bb58]" started-at="2023-11-21T01:04:33 IST" name="setUpClass" finished-at="2023-11-21T01:04:33 IST" duration-ms="251" status="PASS">
          <params>
            <param index="0">
              <value>
                <![CDATA[org.testng.TestRunner@31fa1761]]>
              </value>
            </param>
          </params>
          <reporter-output>
          </reporter-output>
        </test-method> <!-- setUpClass -->
        <test-method signature="runScenario(io.cucumber.testng.PickleWrapper,io.cucumber.testng.FeatureWrapper)[pri:0, instance:com.core.testRunner.TestRunner@4550bb58]" started-at="2023-11-21T01:04:33 IST" name="runScenario" description="Runs Cucumber Scenarios" data-provider="scenarios" finished-at="2023-11-21T01:05:24 IST" duration-ms="50497" status="PASS">
          <params>
            <param index="0">
              <value>
                <![CDATA["Count All Video Feeds"]]>
              </value>
            </param>
            <param index="1">
              <value>
                <![CDATA["Contains CP Tests"]]>
              </value>
            </param>
          </params>
          <reporter-output>
          </reporter-output>
        </test-method> <!-- runScenario -->
        <test-method signature="runScenario(io.cucumber.testng.PickleWrapper,io.cucumber.testng.FeatureWrapper)[pri:0, instance:com.core.testRunner.TestRunner@4550bb58]" started-at="2023-11-21T01:04:33 IST" name="runScenario" description="Runs Cucumber Scenarios" data-provider="scenarios" finished-at="2023-11-21T01:05:49 IST" duration-ms="76007" status="PASS">
          <params>
            <param index="0">
              <value>
                <![CDATA["Filter products by Department"]]>
              </value>
            </param>
            <param index="1">
              <value>
                <![CDATA["Contains CP Tests"]]>
              </value>
            </param>
          </params>
          <reporter-output>
          </reporter-output>
        </test-method> <!-- runScenario -->
        <test-method is-config="true" signature="tearDownClass()[pri:0, instance:com.core.testRunner.TestRunner@4550bb58]" started-at="2023-11-21T01:05:49 IST" name="tearDownClass" finished-at="2023-11-21T01:05:50 IST" duration-ms="530" status="PASS">
          <reporter-output>
          </reporter-output>
        </test-method> <!-- tearDownClass -->
      </class> <!-- com.core.testRunner.TestRunner -->
    </test> <!-- CP Test -->
  </suite> <!-- CPTestSuite -->
</testng-results>
