<?xml version="1.0" encoding="UTF-8"?>
<!-- Generated by org.testng.reporters.JUnitReportReporter -->
<testsuite hostname="ManikHP" failures="0" tests="2" name="com.veeva_automation_framework.testRunner.TestRunner" time="207.670" errors="1" timestamp="2023-11-20T10:23:38 IST" skipped="0">
  <testcase classname="com.veeva_automation_framework.testRunner.TestRunner" name="runScenario" time="135.715"/>
  <testcase classname="com.veeva_automation_framework.testRunner.TestRunner" name="runScenario" time="71.955">
    <error message="Expected condition failed: waiting for visibility of [[FirefoxDriver: firefox on windows (82006aa0-5969-4088-8aa3-1101b31aa413)] -&gt; xpath: //a[@title=&quot;News &amp; Features&quot;]] (tried for 30 second(s) with 500 milliseconds interval)
Build info: version: &#039;4.15.0&#039;, revision: &#039;1d14b5521b&#039;
System info: os.name: &#039;Windows 11&#039;, os.arch: &#039;amd64&#039;, os.version: &#039;10.0&#039;, java.version: &#039;17.0.5&#039;
Driver info: org.openqa.selenium.firefox.FirefoxDriver
Capabilities {acceptInsecureCerts: true, browserName: firefox, browserVersion: 119.0.1, moz:accessibilityChecks: false, moz:buildID: 20231106151204, moz:debuggerAddress: 127.0.0.1:44281, moz:geckodriverVersion: 0.33.0, moz:headless: false, moz:platformVersion: 10.0, moz:processID: 12752, moz:profile: C:\Users\hp\AppData\Local\T..., moz:shutdownTimeout: 60000, moz:webdriverClick: true, moz:windowless: false, pageLoadStrategy: normal, platformName: windows, proxy: Proxy(), se:cdp: ws://127.0.0.1:44281/devtoo..., se:cdpVersion: 85.0, setWindowRect: true, strictFileInteractability: false, timeouts: {implicit: 0, pageLoad: 300000, script: 30000}, unhandledPromptBehavior: dismiss and notify}
Session ID: 82006aa0-5969-4088-8aa3-1101b31aa413" type="org.openqa.selenium.TimeoutException">
      <![CDATA[org.openqa.selenium.TimeoutException: Expected condition failed: waiting for visibility of [[FirefoxDriver: firefox on windows (82006aa0-5969-4088-8aa3-1101b31aa413)] -> xpath: //a[@title="News & Features"]] (tried for 30 second(s) with 500 milliseconds interval)
Build info: version: '4.15.0', revision: '1d14b5521b'
System info: os.name: 'Windows 11', os.arch: 'amd64', os.version: '10.0', java.version: '17.0.5'
Driver info: org.openqa.selenium.firefox.FirefoxDriver
Capabilities {acceptInsecureCerts: true, browserName: firefox, browserVersion: 119.0.1, moz:accessibilityChecks: false, moz:buildID: 20231106151204, moz:debuggerAddress: 127.0.0.1:44281, moz:geckodriverVersion: 0.33.0, moz:headless: false, moz:platformVersion: 10.0, moz:processID: 12752, moz:profile: C:\Users\hp\AppData\Local\T..., moz:shutdownTimeout: 60000, moz:webdriverClick: true, moz:windowless: false, pageLoadStrategy: normal, platformName: windows, proxy: Proxy(), se:cdp: ws://127.0.0.1:44281/devtoo..., se:cdpVersion: 85.0, setWindowRect: true, strictFileInteractability: false, timeouts: {implicit: 0, pageLoad: 300000, script: 30000}, unhandledPromptBehavior: dismiss and notify}
Session ID: 82006aa0-5969-4088-8aa3-1101b31aa413
at org.openqa.selenium.support.ui.WebDriverWait.timeoutException(WebDriverWait.java:84)
at org.openqa.selenium.support.ui.FluentWait.until(FluentWait.java:229)
at com.veeva_automation_framework.pageobjects.BasePage.waitForElement(BasePage.java:19)
at com.core_product.pageobjects.CPHomePage.selectCategory(CPHomePage.java:58)
at com.core_product.stepdefinitions.CPStepDefinition.select_category(CPStepDefinition.java:31)
at ✽.select "News & Features" Category(file:///C:/Users/hp/eclipse-workspace/veeva-automation-framework-Multi-Module/Core_Product_Tests/src/test/java/com/core_product/feature/CPTests.feature:16)
]]>
    </error>
  </testcase> <!-- runScenario -->
</testsuite> <!-- com.veeva_automation_framework.testRunner.TestRunner -->
